<?xml version="1.0" encoding="UTF-8"?>
<testsuite xmlns:xsi="http://www.w3.org/2001/XMLSchema-instance" xsi:noNamespaceSchemaLocation="https://maven.apache.org/surefire/maven-surefire-plugin/xsd/surefire-test-report-3.0.xsd" version="3.0" name="proyectofinal.Model.TareaTest" time="0.018" tests="5" errors="0" skipped="0" failures="0">
  <properties>
[...]
</properties>
  <testcase name="lanzaExcepcionCuandoPrioridadEsNula" classname="proyectofinal.Model.TareaTest" time="0.007"/>
  <testcase name="lanzaExcepcionCuandoFechaEsPasada" classname="proyectofinal.Model.TareaTest" time="0.003"/>
  <testcase name="lanzaExcepcionCuandoTituloEsNulo" classname="proyectofinal.Model.TareaTest" time="0.001"/>
  <testcase name="equalsDevuelveTrueParaMismoId" classname="proyectofinal.Model.TareaTest" time="0.0"/>
  <testcase name="crearTareaConDatosValidos" classname="proyectofinal.Model.TareaTest" time="0.002"/>
</testsuite>